<?xml version="1.0" encoding="UTF-8"?>
<!-- Generated by org.testng.reporters.JUnitXMLReporter -->
<testsuite hostname="DESKTOP-EKBA8NT" ignored="1" name="Default test" tests="1" failures="0" timestamp="15 Feb 2020 06:13:43 GMT" time="2.141" errors="0">
  <testcase name="TestF1" time="2.089" classname="Test.BasicsOfRestAssured"/>
  <testcase name="TestGoogle" time="0.0" classname="Test.BasicsOfRestAssured">
    <ignored/>
  </testcase> <!-- TestGoogle -->
</testsuite> <!-- Default test -->
